2025-04-18 09:52:46 [INFO]: GET /show-product - 304 - 40ms
2025-04-18 09:52:46 [INFO]: GET /show-product - 304 - 4ms
2025-04-18 09:55:49 [INFO]: GET /show-product - 304 - 6ms
2025-04-18 09:55:49 [INFO]: GET /show-product - 304 - 6ms
2025-04-18 09:56:23 [INFO]: GET /show-product - 304 - 5ms
2025-04-18 09:56:23 [INFO]: GET /show-product - 304 - 7ms
2025-04-18 09:57:13 [INFO]: GET /show-product - 304 - 8ms
2025-04-18 09:57:13 [INFO]: GET /show-product - 304 - 34ms
2025-04-18 10:00:36 [INFO]: GET /show-product - 304 - 5ms
2025-04-18 10:00:36 [INFO]: GET /show-product - 304 - 4ms
2025-04-18 10:00:57 [INFO]: GET /show-product - 304 - 5ms
2025-04-18 10:00:57 [INFO]: GET /show-product - 304 - 6ms
2025-04-18 10:01:20 [INFO]: GET /show-product - 304 - 7ms
2025-04-18 10:01:20 [INFO]: GET /show-product - 304 - 5ms
2025-04-18 10:02:50 [INFO]: GET /show-product - 304 - 6ms
2025-04-18 10:02:50 [INFO]: GET /show-product - 304 - 4ms
2025-04-18 10:35:23 [INFO]: POST /create-product-category - 201 - 31ms
2025-04-18 10:59:21 [INFO]: POST /create-product-category - 201 - 19ms
2025-04-18 11:00:41 [INFO]: POST /create-product-category - 201 - 39ms
2025-04-18 11:01:02 [INFO]: POST /create-product-category - 201 - 38ms
2025-04-18 11:01:40 [INFO]: POST /create-product-category - 201 - 15ms
2025-04-18 12:56:41 [INFO]: POST /create-product-category - 201 - 60ms
2025-04-18 14:49:22 [INFO]: POST /create-product-category - 201 - 61ms
2025-04-18 14:54:28 [INFO]: POST /create-product-category - 201 - 44ms
2025-04-18 14:55:12 [INFO]: POST /create-product-category - 201 - 11ms
2025-04-18 14:57:58 [INFO]: POST /create-product-category - 201 - 15ms
2025-04-18 14:59:13 [INFO]: GET /show-product - 304 - 8ms
2025-04-18 14:59:13 [INFO]: GET /show-product - 304 - 4ms
2025-04-18 15:06:53 [INFO]: POST /create-product-category - 201 - 46ms
2025-04-18 15:07:16 [INFO]: POST /create-product-category - 201 - 14ms
2025-04-18 15:12:47 [INFO]: POST /create-category - 404 - 4ms
2025-04-18 15:12:54 [INFO]: POST /create-category - 404 - 2ms
2025-04-18 15:18:09 [INFO]: POST /create-category - 404 - 1ms
2025-04-18 15:34:12 [INFO]: POST /create-category - 404 - 1ms
2025-04-18 15:35:13 [INFO]: POST /create-category - 404 - 2ms
2025-04-18 15:35:44 [INFO]: POST /create-category - 404 - 2ms
2025-04-18 15:36:36 [INFO]: POST /create-category - 404 - 2ms
2025-04-18 15:36:37 [INFO]: POST /create-category - 404 - 1ms
2025-04-18 15:36:38 [INFO]: POST /create-category - 404 - 2ms
2025-04-18 15:36:39 [INFO]: POST /create-category - 404 - 2ms
2025-04-18 15:36:39 [INFO]: POST /create-category - 404 - 2ms
2025-04-18 15:36:39 [INFO]: POST /create-category - 404 - 2ms
2025-04-18 15:37:21 [INFO]: POST /create-category - 404 - 2ms
2025-04-18 15:38:41 [INFO]: POST /create-category - 404 - 2ms
2025-04-18 15:38:58 [INFO]: POST /create-category - 404 - 2ms
2025-04-18 15:40:27 [INFO]: POST /create-category - 404 - 1ms
2025-04-18 15:41:10 [INFO]: POST /create-category - 404 - 13ms
2025-04-18 15:41:11 [INFO]: POST /create-category - 404 - 3ms
2025-04-18 15:41:42 [INFO]: POST /create-category - 404 - 8ms
2025-04-18 15:42:21 [INFO]: POST /create-category - 404 - 5ms
2025-04-18 15:42:29 [INFO]: POST /create-product-category - 201 - 74ms
2025-04-18 15:44:00 [INFO]: POST /create-product-category - 500 - 2ms
2025-04-18 15:44:53 [INFO]: POST /create-product-category - 500 - 2ms
2025-04-18 15:45:15 [INFO]: POST /create-product-category - 500 - 2ms
2025-04-18 15:51:06 [INFO]: POST /create-product-category - 201 - 41ms
2025-04-18 15:51:34 [INFO]: POST /create-product-category - 201 - 23ms
2025-04-18 15:53:13 [INFO]: POST /create-product-category - 201 - 39ms
2025-04-18 15:55:45 [INFO]: POST /create-product-category - 201 - 48ms
2025-04-18 15:56:59 [INFO]: POST /create-product-category - 201 - 18ms
2025-04-18 15:57:24 [INFO]: POST /create-product-category - 201 - 9ms
2025-04-18 15:57:43 [INFO]: POST /create-product-category - 201 - 11ms
2025-04-18 15:58:16 [INFO]: POST /create-product-category - 201 - 10ms
2025-04-18 15:58:23 [INFO]: POST /create-product-category - 201 - 28ms
2025-04-18 15:58:35 [INFO]: POST /create-product-category - 201 - 14ms
2025-04-18 16:07:59 [INFO]: GET / - 200 - 10ms
2025-04-18 16:08:03 [INFO]: GET /show-product - 201 - 11ms
2025-04-18 16:08:09 [INFO]: GET /show-product_category - 201 - 5ms
2025-04-18 16:09:51 [INFO]: GET /show-product_category - 201 - 3ms
2025-04-18 16:09:51 [INFO]: GET /show-product_category - 201 - 2ms
2025-04-18 16:11:34 [INFO]: GET /show-product_category - 201 - 3ms
2025-04-18 16:11:34 [INFO]: GET /show-product_category - 201 - 2ms
2025-04-18 16:11:42 [INFO]: GET /show-product_category - 201 - 43ms
2025-04-18 16:11:42 [INFO]: GET /show-product_category - 201 - 8ms
2025-04-18 16:12:00 [INFO]: GET /show-product_category - 201 - 7ms
2025-04-18 16:12:00 [INFO]: GET /show-product_category - 201 - 4ms
2025-04-18 16:12:09 [INFO]: GET / - 304 - 2ms
2025-04-18 16:12:12 [INFO]: GET /show-product_category - 201 - 3ms
2025-04-18 16:12:50 [INFO]: GET /show-product_category - 201 - 3ms
2025-04-18 16:12:50 [INFO]: GET /show-product_category - 201 - 4ms
2025-04-18 16:16:22 [INFO]: GET /show-product_category - 201 - 17ms
2025-04-18 16:16:22 [INFO]: GET /show-product_category - 201 - 4ms
2025-04-18 16:16:55 [INFO]: GET /show-product_category - 201 - 4ms
2025-04-18 16:16:55 [INFO]: GET /show-product_category - 201 - 8ms
2025-04-18 16:17:07 [INFO]: GET /show-product_category - 201 - 4ms
2025-04-18 16:17:07 [INFO]: GET /show-product_category - 201 - 3ms
2025-04-18 16:18:07 [INFO]: DELETE /category-delete/25 - 201 - 27ms
2025-04-18 16:18:55 [INFO]: DELETE /category-delete/25 - 404 - 10ms
2025-04-18 16:20:37 [INFO]: DELETE /category-delete/25 - 404 - 4ms
2025-04-18 16:22:58 [INFO]: GET /show-product_category - 201 - 3ms
2025-04-18 16:23:24 [INFO]: GET /show-product_category - 201 - 3ms
2025-04-18 16:23:39 [INFO]: GET /show-product_category - 201 - 3ms
2025-04-18 16:23:39 [INFO]: GET /show-product_category - 201 - 3ms
2025-04-18 16:24:21 [INFO]: GET /show-product_category - 201 - 2ms
2025-04-18 16:24:21 [INFO]: GET /show-product_category - 201 - 2ms
2025-04-18 16:24:22 [INFO]: GET /show-product_category - 201 - 5ms
2025-04-18 16:24:22 [INFO]: GET /show-product_category - 201 - 6ms
2025-04-18 16:24:49 [INFO]: POST /create-product-category - 201 - 18ms
2025-04-18 16:24:54 [INFO]: GET /show-product_category - 201 - 6ms
2025-04-18 16:24:54 [INFO]: GET /show-product_category - 201 - 4ms
2025-04-18 16:25:22 [INFO]: DELETE /delete-category/27 - 404 - 4ms
2025-04-18 16:25:24 [INFO]: GET /show-product_category - 201 - 2ms
2025-04-18 16:25:24 [INFO]: GET /show-product_category - 201 - 2ms
2025-04-18 16:25:30 [INFO]: DELETE /delete-category/27 - 404 - 2ms
2025-04-18 16:29:26 [INFO]: GET /show-product_category - 201 - 2ms
2025-04-18 16:29:26 [INFO]: GET /show-product_category - 201 - 2ms
2025-04-18 16:29:28 [INFO]: DELETE /delete-category/27 - 404 - 0ms
2025-04-18 16:30:47 [INFO]: DELETE /delete-category/27 - 404 - 2ms
2025-04-18 16:31:27 [INFO]: DELETE /delete-category/27 - 404 - 0ms
2025-04-18 16:31:33 [INFO]: DELETE /delete-category/24 - 404 - 1ms
2025-04-18 16:31:48 [INFO]: POST /create-product-category - 201 - 10ms
2025-04-18 16:31:53 [INFO]: GET /show-product_category - 201 - 35ms
2025-04-18 16:31:53 [INFO]: GET /show-product_category - 201 - 4ms
2025-04-18 17:32:14 [INFO]: GET /show-product - 201 - 35ms
2025-04-18 17:32:14 [INFO]: GET /show-product - 201 - 6ms
2025-04-18 17:32:18 [INFO]: GET /show-product_category - 201 - 7ms
2025-04-18 17:32:18 [INFO]: GET /show-product_category - 201 - 2ms
2025-04-18 17:45:36 [INFO]: GET /show-product_category - 201 - 114ms
2025-04-18 17:45:36 [INFO]: GET /show-product_category - 201 - 4ms
2025-04-18 17:47:25 [INFO]: GET /show-product - 201 - 35ms
2025-04-18 17:47:25 [INFO]: GET /show-product - 201 - 44ms
2025-04-18 17:47:28 [INFO]: GET /show-product_category - 201 - 4ms
2025-04-18 17:47:28 [INFO]: GET /show-product_category - 201 - 2ms
2025-04-18 17:47:42 [INFO]: GET /show-product - 201 - 5ms
2025-04-18 17:47:42 [INFO]: GET /show-product - 201 - 5ms
2025-04-18 17:47:47 [INFO]: GET /show-product - 201 - 5ms
2025-04-18 17:47:47 [INFO]: GET /show-product - 201 - 4ms
