2025-04-24 11:13:30 [INFO]: GET /show-product_category - 201 - 43ms
2025-04-24 11:13:30 [INFO]: GET /show-product_category - 201 - 4ms
2025-04-24 11:18:19 [INFO]: GET /show-product_category - 201 - 22ms
2025-04-24 11:18:19 [INFO]: GET /show-product_category - 201 - 15ms
2025-04-24 11:18:30 [INFO]: GET /show-product_category - 201 - 6ms
2025-04-24 11:18:30 [INFO]: GET /show-product_category - 201 - 4ms
2025-04-24 11:21:59 [INFO]: GET /show-product_category - 201 - 6ms
2025-04-24 11:21:59 [INFO]: GET /show-product_category - 201 - 8ms
2025-04-24 11:23:38 [INFO]: POST /update-category - 201 - 51ms
2025-04-24 11:27:08 [INFO]: GET /show-product_category - 201 - 9ms
2025-04-24 11:27:15 [INFO]: GET /show-product_category - 201 - 2ms
2025-04-24 11:27:22 [INFO]: GET /show-product_category - 201 - 2ms
2025-04-24 11:27:31 [INFO]: GET /show-product_category - 201 - 2ms
2025-04-24 11:27:33 [INFO]: GET /show-product_category - 201 - 2ms
2025-04-24 11:29:58 [INFO]: GET /show-product_category - 201 - 15ms
2025-04-24 11:29:58 [INFO]: GET /show-product_category - 201 - 3ms
2025-04-24 11:31:57 [INFO]: GET /show-product_category - 201 - 5ms
2025-04-24 11:31:57 [INFO]: GET /show-product_category - 201 - 5ms
2025-04-24 11:32:15 [INFO]: POST /update-category - 201 - 8ms
2025-04-24 11:34:27 [INFO]: POST /create-product-category - 201 - 18ms
2025-04-24 11:34:33 [INFO]: GET /show-product_category - 201 - 2ms
2025-04-24 11:34:33 [INFO]: GET /show-product_category - 201 - 6ms
2025-04-24 11:34:43 [INFO]: POST /update-category - 201 - 13ms
2025-04-24 11:34:45 [INFO]: POST /create-product-category - 201 - 10ms
2025-04-24 11:34:50 [INFO]: GET /show-product_category - 201 - 6ms
2025-04-24 11:34:50 [INFO]: GET /show-product_category - 201 - 3ms
2025-04-24 11:34:58 [INFO]: DELETE /category-delete/39 - 201 - 20ms
2025-04-24 11:35:03 [INFO]: DELETE /category-delete/37 - 201 - 9ms
2025-04-24 11:35:06 [INFO]: DELETE /category-delete/38 - 201 - 26ms
2025-04-24 11:35:18 [INFO]: POST /update-category - 201 - 10ms
2025-04-24 11:35:21 [INFO]: GET /show-product_category - 201 - 2ms
2025-04-24 11:35:21 [INFO]: GET /show-product_category - 201 - 2ms
2025-04-24 11:35:54 [INFO]: POST /update-category - 201 - 10ms
2025-04-24 11:36:50 [INFO]: GET /show-product_category - 201 - 4ms
2025-04-24 11:36:50 [INFO]: GET /show-product_category - 201 - 2ms
2025-04-24 11:36:58 [INFO]: POST /create-product-category - 201 - 7ms
2025-04-24 11:37:04 [INFO]: GET /show-product_category - 201 - 2ms
2025-04-24 11:37:04 [INFO]: GET /show-product_category - 201 - 3ms
2025-04-24 11:38:29 [INFO]: POST /update-category - 201 - 18ms
2025-04-24 11:39:03 [INFO]: POST /create-product-category - 201 - 13ms
2025-04-24 11:40:07 [INFO]: GET /show-product_category - 201 - 2ms
2025-04-24 11:40:07 [INFO]: GET /show-product_category - 201 - 5ms
2025-04-24 11:40:11 [INFO]: POST /update-category - 201 - 24ms
2025-04-24 11:40:19 [INFO]: POST /create-product-category - 201 - 8ms
2025-04-24 11:40:29 [INFO]: GET /show-product_category - 201 - 25ms
2025-04-24 11:40:29 [INFO]: GET /show-product_category - 201 - 27ms
2025-04-24 11:40:33 [INFO]: DELETE /category-delete/42 - 201 - 6ms
2025-04-24 11:40:43 [INFO]: POST /update-category - 201 - 6ms
2025-04-24 11:43:46 [INFO]: GET /show-product_category - 201 - 61ms
2025-04-24 11:43:49 [INFO]: GET /show-product_category - 201 - 2ms
2025-04-24 11:43:49 [INFO]: GET /show-product_category - 201 - 2ms
2025-04-24 11:44:44 [INFO]: POST /update-category - 201 - 106ms
2025-04-24 11:44:44 [INFO]: GET /show-product_category - 201 - 20ms
2025-04-24 11:45:21 [INFO]: POST /update-category - 201 - 13ms
2025-04-24 11:45:21 [INFO]: GET /show-product_category - 201 - 7ms
2025-04-24 11:45:35 [INFO]: POST /update-category - 201 - 18ms
2025-04-24 11:45:35 [INFO]: GET /show-product_category - 201 - 2ms
2025-04-24 11:51:08 [INFO]: GET /show-product_category - 201 - 5ms
2025-04-24 11:51:08 [INFO]: GET /show-product_category - 201 - 3ms
2025-04-24 11:51:19 [INFO]: GET /show-product_category - 201 - 3ms
2025-04-24 11:51:19 [INFO]: GET /show-product_category - 201 - 2ms
2025-04-24 11:52:00 [INFO]: GET /show-product_category - 201 - 2ms
2025-04-24 11:52:00 [INFO]: GET /show-product_category - 201 - 2ms
2025-04-24 11:55:49 [INFO]: GET /show-product - 201 - 17ms
2025-04-24 11:55:49 [INFO]: GET /show-product - 201 - 7ms
2025-04-24 11:56:46 [INFO]: POST /product-create - 404 - 5ms
2025-04-24 11:56:48 [INFO]: POST /product-create - 404 - 1ms
2025-04-24 11:56:51 [INFO]: GET /show-product - 201 - 7ms
2025-04-24 11:56:51 [INFO]: GET /show-product - 201 - 3ms
2025-04-24 12:02:05 [INFO]: POST /product-create - 404 - 1ms
2025-04-24 12:04:33 [INFO]: POST /product-create - 404 - 2ms
2025-04-24 12:06:00 [INFO]: POST /product-create - 404 - 9ms
2025-04-24 12:06:27 [INFO]: POST /product-create - 404 - 6ms
2025-04-24 12:07:16 [INFO]: POST /product-create - 404 - 1ms
2025-04-24 12:07:47 [INFO]: GET /show-product_category - 201 - 21ms
2025-04-24 12:07:47 [INFO]: GET /show-product_category - 201 - 7ms
2025-04-24 12:07:47 [INFO]: GET /show-product - 201 - 6ms
2025-04-24 12:07:47 [INFO]: GET /show-product - 201 - 5ms
2025-04-24 12:08:36 [INFO]: POST /product-create - 404 - 8ms
2025-04-24 12:09:49 [INFO]: POST /product-create - 404 - 8ms
2025-04-24 12:11:43 [INFO]: POST /product-create - 404 - 5ms
2025-04-24 12:21:37 [INFO]: POST /create-product - 500 - 64ms
2025-04-24 12:22:01 [INFO]: POST /create-product - 500 - 66ms
2025-04-24 12:22:30 [INFO]: GET /show-product - 201 - 13ms
2025-04-24 12:22:30 [INFO]: GET /show-product - 201 - 5ms
2025-04-24 14:39:36 [INFO]: GET /show-product_category - 201 - 23ms
2025-04-24 14:39:36 [INFO]: GET /show-product_category - 201 - 7ms
2025-04-24 14:44:39 [INFO]: GET /show-product_category - 201 - 18ms
2025-04-24 14:44:39 [INFO]: GET /show-product_category - 201 - 3ms
2025-04-24 14:50:24 [INFO]: GET /show-product_category - 201 - 27ms
2025-04-24 14:50:24 [INFO]: GET /show-product_category - 201 - 8ms
2025-04-24 14:54:57 [INFO]: POST /create-product - 500 - 53ms
