2025-04-22 09:57:35 [INFO]: GET /show-product_category - 201 - 52ms
2025-04-22 09:57:35 [INFO]: GET /show-product_category - 201 - 3ms
2025-04-22 10:06:38 [INFO]: GET /show-product_category - 201 - 5ms
2025-04-22 10:06:38 [INFO]: GET /show-product_category - 201 - 2ms
2025-04-22 10:07:19 [INFO]: GET /show-product_category - 201 - 2ms
2025-04-22 10:07:19 [INFO]: GET /show-product_category - 201 - 3ms
2025-04-22 10:07:23 [INFO]: GET /show-product_category - 201 - 4ms
2025-04-22 10:07:23 [INFO]: GET /show-product_category - 201 - 3ms
2025-04-22 10:08:59 [INFO]: GET /show-product_category - 201 - 3ms
2025-04-22 10:08:59 [INFO]: GET /show-product_category - 201 - 2ms
2025-04-22 10:13:26 [INFO]: GET /show-product_category - 201 - 3ms
2025-04-22 10:17:55 [INFO]: GET /show-product - 201 - 26ms
2025-04-22 10:17:55 [INFO]: GET /show-product - 201 - 5ms
2025-04-22 10:18:04 [INFO]: GET /show-product_category - 201 - 5ms
2025-04-22 10:18:04 [INFO]: GET /show-product_category - 201 - 3ms
2025-04-22 10:32:10 [INFO]: POST /create-product - 500 - 39ms
2025-04-22 10:32:20 [INFO]: POST /create-product - 500 - 3ms
2025-04-22 10:32:36 [INFO]: POST /update-category - 201 - 14ms
2025-04-22 10:35:43 [INFO]: POST /update-product - 500 - 34ms
2025-04-22 10:35:51 [INFO]: POST /update-product - 500 - 13ms
2025-04-22 10:36:21 [INFO]: POST /update-product - 500 - 13ms
2025-04-22 10:37:40 [INFO]: POST /update-product - 500 - 9ms
2025-04-22 10:38:36 [INFO]: POST /update-product - 500 - 36ms
2025-04-22 10:39:23 [INFO]: POST /update-product - 500 - 26ms
2025-04-22 10:39:46 [INFO]: POST /update-product - 500 - 57ms
2025-04-22 10:41:11 [INFO]: POST /update-product - 500 - 48ms
2025-04-22 10:41:14 [INFO]: POST /update-product - 500 - 49ms
2025-04-22 10:41:58 [INFO]: POST /update-product - 500 - 45ms
2025-04-22 10:59:58 [INFO]: GET /show-product_category - 201 - 10ms
2025-04-22 10:59:58 [INFO]: GET /show-product_category - 201 - 4ms
2025-04-22 11:00:02 [INFO]: GET /show-product - 201 - 6ms
2025-04-22 11:00:02 [INFO]: GET /show-product - 201 - 9ms
2025-04-22 11:11:49 [INFO]: GET /show-product_category - 201 - 6ms
2025-04-22 11:11:49 [INFO]: GET /show-product_category - 201 - 2ms
2025-04-22 11:12:44 [INFO]: GET /show-product_category - 201 - 2ms
2025-04-22 11:12:44 [INFO]: GET /show-product_category - 201 - 3ms
2025-04-22 11:12:50 [INFO]: GET /show-product_category - 201 - 4ms
2025-04-22 11:12:50 [INFO]: GET /show-product_category - 201 - 4ms
2025-04-22 11:13:08 [INFO]: GET /show-product_category - 201 - 4ms
2025-04-22 11:13:08 [INFO]: GET /show-product_category - 201 - 3ms
2025-04-22 11:13:18 [INFO]: GET /show-product_category - 201 - 4ms
2025-04-22 11:13:18 [INFO]: GET /show-product_category - 201 - 3ms
2025-04-22 11:13:29 [INFO]: GET /show-product_category - 201 - 6ms
2025-04-22 11:13:29 [INFO]: GET /show-product_category - 201 - 4ms
2025-04-22 11:30:38 [INFO]: GET /show-product_category - 201 - 3ms
2025-04-22 11:30:38 [INFO]: GET /show-product_category - 201 - 12ms
2025-04-22 11:32:30 [INFO]: GET /show-product_category - 201 - 4ms
2025-04-22 11:32:30 [INFO]: GET /show-product_category - 201 - 4ms
2025-04-22 11:33:51 [INFO]: GET /show-product_category - 201 - 3ms
2025-04-22 11:34:15 [INFO]: GET /show-product_category - 201 - 3ms
2025-04-22 11:34:15 [INFO]: GET /show-product_category - 201 - 4ms
2025-04-22 11:36:04 [INFO]: GET /show-product_category - 201 - 6ms
2025-04-22 11:36:04 [INFO]: GET /show-product_category - 201 - 3ms
