2025-04-21 16:49:38 [INFO]: GET /show-product - 201 - 36ms
2025-04-21 16:49:38 [INFO]: GET /show-product - 201 - 4ms
2025-04-21 16:49:42 [INFO]: GET /show-product_category - 201 - 28ms
2025-04-21 16:49:43 [INFO]: GET /show-product_category - 201 - 60ms
2025-04-21 16:49:48 [INFO]: DELETE /delete-category/28 - 404 - 6ms
2025-04-21 16:49:51 [INFO]: GET /show-product_category - 201 - 8ms
2025-04-21 16:49:51 [INFO]: GET /show-product_category - 201 - 4ms
2025-04-21 16:49:57 [INFO]: POST /create-product-category - 201 - 37ms
2025-04-21 16:50:00 [INFO]: GET /show-product_category - 201 - 7ms
2025-04-21 16:50:00 [INFO]: GET /show-product_category - 201 - 5ms
2025-04-21 16:50:29 [INFO]: DELETE /delete-category/29 - 404 - 3ms
2025-04-21 16:50:31 [INFO]: GET /show-product_category - 201 - 6ms
2025-04-21 16:50:31 [INFO]: GET /show-product_category - 201 - 36ms
2025-04-21 16:55:45 [INFO]: DELETE /category-delete/:29 - 404 - 7ms
2025-04-21 17:07:48 [INFO]: DELETE /category-delete/29 - 201 - 15ms
2025-04-21 17:07:54 [INFO]: GET /show-product_category - 201 - 4ms
2025-04-21 17:07:54 [INFO]: GET /show-product_category - 201 - 3ms
2025-04-21 17:08:51 [INFO]: DELETE /delete-category/28 - 404 - 3ms
2025-04-21 17:09:06 [INFO]: GET /show-product_category - 201 - 5ms
2025-04-21 17:09:06 [INFO]: GET /show-product_category - 201 - 3ms
2025-04-21 17:09:17 [INFO]: DELETE /category-delete/29 - 404 - 2ms
2025-04-21 17:09:21 [INFO]: DELETE /delete-category/28 - 404 - 0ms
2025-04-21 17:11:03 [INFO]: GET /show-product_category - 201 - 14ms
2025-04-21 17:11:03 [INFO]: GET /show-product_category - 201 - 11ms
2025-04-21 17:11:05 [INFO]: DELETE /category-delete/28 - 201 - 16ms
2025-04-21 17:11:10 [INFO]: GET /show-product_category - 201 - 2ms
2025-04-21 17:11:10 [INFO]: GET /show-product_category - 201 - 4ms
2025-04-21 17:11:39 [INFO]: DELETE /category-delete/27 - 201 - 18ms
2025-04-21 17:11:42 [INFO]: GET /show-product_category - 201 - 3ms
2025-04-21 17:11:42 [INFO]: GET /show-product_category - 201 - 1ms
2025-04-21 17:11:56 [INFO]: POST /create-product-category - 201 - 19ms
2025-04-21 17:12:00 [INFO]: GET /show-product_category - 201 - 2ms
2025-04-21 17:12:00 [INFO]: GET /show-product_category - 201 - 2ms
2025-04-21 17:20:14 [INFO]: POST /create-product-category - 201 - 13ms
2025-04-21 17:20:18 [INFO]: GET /show-product_category - 201 - 2ms
2025-04-21 17:20:18 [INFO]: GET /show-product_category - 201 - 2ms
2025-04-21 17:32:42 [INFO]: GET /show-product_category - 201 - 20ms
2025-04-21 17:32:43 [INFO]: GET /show-product_category - 201 - 5ms
2025-04-21 17:32:50 [INFO]: POST /create-product-category - 201 - 25ms
2025-04-21 17:33:30 [INFO]: POST /create-product-category - 201 - 14ms
2025-04-21 17:33:46 [INFO]: POST /create-product-category - 201 - 12ms
2025-04-21 17:34:13 [INFO]: GET /show-product_category - 201 - 7ms
2025-04-21 17:34:13 [INFO]: GET /show-product_category - 201 - 5ms
2025-04-21 17:34:17 [INFO]: DELETE /category-delete/33 - 201 - 32ms
2025-04-21 17:34:20 [INFO]: DELETE /category-delete/34 - 201 - 17ms
2025-04-21 17:34:32 [INFO]: POST /create-product-category - 201 - 15ms
2025-04-21 17:34:37 [INFO]: GET /show-product_category - 201 - 3ms
2025-04-21 17:34:37 [INFO]: GET /show-product_category - 201 - 7ms
2025-04-21 17:34:50 [INFO]: GET /show-product_category - 201 - 6ms
2025-04-21 17:34:50 [INFO]: GET /show-product_category - 201 - 6ms
2025-04-21 17:36:01 [INFO]: DELETE /category-delete/35 - 201 - 18ms
2025-04-21 17:36:07 [INFO]: POST /create-product-category - 201 - 12ms
2025-04-21 17:37:13 [INFO]: POST /create-product-category - 201 - 13ms
2025-04-21 17:38:40 [INFO]: GET /show-product_category - 201 - 17ms
2025-04-21 17:38:40 [INFO]: GET /show-product_category - 201 - 3ms
2025-04-21 17:42:52 [INFO]: GET /show-product_category - 201 - 4ms
2025-04-21 17:42:52 [INFO]: GET /show-product_category - 201 - 3ms
2025-04-21 17:43:14 [INFO]: GET /show-product_category - 201 - 3ms
2025-04-21 17:43:14 [INFO]: GET /show-product_category - 201 - 3ms
2025-04-21 17:43:45 [INFO]: GET /show-product_category - 201 - 4ms
2025-04-21 17:43:45 [INFO]: GET /show-product_category - 201 - 3ms
2025-04-21 17:46:13 [INFO]: GET /show-product - 201 - 15ms
2025-04-21 17:46:13 [INFO]: GET /show-product - 201 - 2ms
2025-04-21 17:50:52 [INFO]: GET /show-product - 201 - 5ms
2025-04-21 17:50:52 [INFO]: GET /show-product - 201 - 4ms
2025-04-21 17:54:05 [INFO]: GET /show-product - 201 - 4ms
2025-04-21 17:54:05 [INFO]: GET /show-product - 201 - 7ms
2025-04-21 17:56:48 [INFO]: GET /show-product_category - 201 - 4ms
2025-04-21 17:56:48 [INFO]: GET /show-product_category - 201 - 3ms
2025-04-21 17:56:50 [INFO]: GET /show-product - 201 - 5ms
2025-04-21 17:56:50 [INFO]: GET /show-product - 201 - 5ms
2025-04-21 17:56:51 [INFO]: GET /show-product - 201 - 6ms
2025-04-21 17:56:51 [INFO]: GET /show-product - 201 - 6ms
2025-04-21 17:57:25 [INFO]: GET /show-product_category - 201 - 3ms
2025-04-21 17:57:25 [INFO]: GET /show-product_category - 201 - 2ms
2025-04-21 17:57:27 [INFO]: GET /show-product - 201 - 4ms
2025-04-21 17:57:27 [INFO]: GET /show-product - 201 - 3ms
2025-04-21 18:06:57 [INFO]: GET /show-product - 201 - 12ms
2025-04-21 18:07:00 [INFO]: GET /show-product - 201 - 3ms
2025-04-21 18:07:00 [INFO]: GET /show-product - 201 - 4ms
2025-04-21 18:07:13 [INFO]: GET /show-product - 201 - 3ms
2025-04-21 18:07:13 [INFO]: GET /show-product - 201 - 2ms
2025-04-21 18:07:18 [INFO]: GET /show-product - 201 - 21ms
2025-04-21 18:07:18 [INFO]: GET /show-product - 201 - 4ms
2025-04-21 18:07:19 [INFO]: GET /show-product - 201 - 3ms
2025-04-21 18:07:19 [INFO]: GET /show-product - 201 - 4ms
