2025-04-17 12:39:38 [INFO]: GET /show-products - 500 - 10ms
2025-04-17 12:39:41 [INFO]: GET /show-product - 200 - 42ms
2025-04-17 12:39:49 [INFO]: GET /show-product - 304 - 7ms
2025-04-17 12:39:49 [INFO]: GET /show-product - 304 - 3ms
2025-04-17 12:40:21 [INFO]: GET /show-product - 304 - 4ms
2025-04-17 12:40:21 [INFO]: GET /show-product - 304 - 3ms
2025-04-17 12:40:26 [INFO]: GET /show-product - 304 - 38ms
2025-04-17 12:40:26 [INFO]: GET /show-product - 304 - 7ms
2025-04-17 12:40:26 [INFO]: GET /show-product - 304 - 4ms
2025-04-17 12:40:26 [INFO]: GET /show-product - 304 - 4ms
2025-04-17 12:40:41 [INFO]: GET /show-product - 304 - 3ms
2025-04-17 12:40:41 [INFO]: GET /show-product - 304 - 3ms
2025-04-17 12:45:57 [INFO]: GET /show-products - 500 - 2ms
2025-04-17 12:45:57 [INFO]: GET /show-products - 500 - 2ms
2025-04-17 12:46:00 [INFO]: GET /show-products - 500 - 0ms
2025-04-17 12:46:00 [INFO]: GET /show-products - 500 - 1ms
2025-04-17 12:46:11 [INFO]: GET /show-products - 500 - 3ms
2025-04-17 12:47:33 [INFO]: GET /show-products - 500 - 2ms
2025-04-17 12:47:59 [INFO]: GET /show-products - 500 - 1ms
2025-04-17 12:48:02 [INFO]: GET /show-product - 304 - 2ms
2025-04-17 12:48:05 [INFO]: GET /show-product - 200 - 12ms
2025-04-17 12:48:06 [INFO]: GET /favicon.ico - 404 - 6ms
2025-04-17 12:48:08 [INFO]: GET /show-products - 500 - 1ms
2025-04-17 12:48:08 [INFO]: GET /show-products - 500 - 0ms
2025-04-17 12:48:30 [INFO]: GET /show-products - 200 - 45ms
2025-04-17 12:48:33 [INFO]: GET /show-product - 304 - 6ms
2025-04-17 12:48:33 [INFO]: GET /show-product - 304 - 5ms
2025-04-17 12:48:42 [INFO]: GET /show-products - 200 - 5ms
2025-04-17 12:48:42 [INFO]: GET /show-products - 304 - 3ms
2025-04-17 12:48:46 [INFO]: GET /show-products - 200 - 4ms
2025-04-17 12:48:46 [INFO]: GET /show-products - 200 - 4ms
2025-04-17 12:48:59 [INFO]: GET /show-products - 304 - 2ms
2025-04-17 12:49:16 [INFO]: GET /show-products - 304 - 3ms
2025-04-17 12:49:16 [INFO]: GET /show-products - 304 - 4ms
2025-04-17 12:49:18 [INFO]: GET /show-products - 304 - 2ms
2025-04-17 12:49:18 [INFO]: GET /show-products - 304 - 2ms
2025-04-17 12:49:30 [INFO]: GET /show-products - 304 - 140ms
2025-04-17 12:49:30 [INFO]: GET /show-products - 304 - 16ms
2025-04-17 12:49:41 [INFO]: GET /show-products - 304 - 2ms
2025-04-17 12:49:41 [INFO]: GET /show-products - 304 - 16ms
2025-04-17 12:50:10 [INFO]: GET /show-products - 200 - 4ms
2025-04-17 12:50:10 [INFO]: GET /show-products - 304 - 3ms
2025-04-17 12:51:51 [INFO]: GET /show-products - 200 - 6ms
2025-04-17 12:51:51 [INFO]: GET /show-products - 304 - 7ms
2025-04-17 14:25:58 [INFO]: GET /show-products - 304 - 35ms
2025-04-17 14:25:58 [INFO]: GET /show-products - 304 - 5ms
2025-04-17 14:26:21 [INFO]: GET /show-products - 304 - 7ms
2025-04-17 14:26:21 [INFO]: GET /show-products - 304 - 4ms
2025-04-17 14:26:37 [INFO]: GET /show-products - 304 - 5ms
2025-04-17 14:26:37 [INFO]: GET /show-products - 304 - 5ms
2025-04-17 14:26:39 [INFO]: GET /show-products - 304 - 4ms
2025-04-17 14:26:39 [INFO]: GET /show-products - 304 - 3ms
2025-04-17 14:26:45 [INFO]: GET /show-products - 304 - 6ms
2025-04-17 14:26:45 [INFO]: GET /show-products - 304 - 7ms
2025-04-17 14:26:47 [INFO]: GET /show-products - 304 - 3ms
2025-04-17 14:26:47 [INFO]: GET /show-products - 304 - 5ms
2025-04-17 14:38:02 [INFO]: GET /show-products - 500 - 10ms
2025-04-17 14:38:02 [INFO]: GET /show-products - 500 - 3ms
2025-04-17 14:38:09 [INFO]: GET /show-product - 200 - 10ms
2025-04-17 14:38:09 [INFO]: GET /show-product - 304 - 6ms
2025-04-17 14:39:42 [INFO]: GET /show-product - 304 - 18ms
2025-04-17 14:39:42 [INFO]: GET /show-product - 304 - 4ms
2025-04-17 14:39:48 [INFO]: GET /show-product - 304 - 4ms
2025-04-17 14:39:48 [INFO]: GET /show-product - 304 - 4ms
2025-04-17 14:40:12 [INFO]: GET /show-product - 304 - 5ms
2025-04-17 14:40:12 [INFO]: GET /show-product - 304 - 5ms
2025-04-17 14:40:17 [INFO]: GET /show-product - 304 - 6ms
2025-04-17 14:40:17 [INFO]: GET /show-product - 304 - 5ms
2025-04-17 14:50:08 [INFO]: GET /show-product - 304 - 4ms
2025-04-17 14:50:08 [INFO]: GET /show-product - 304 - 2ms
2025-04-17 14:50:18 [INFO]: GET /show-product - 304 - 7ms
2025-04-17 14:50:18 [INFO]: GET /show-product - 304 - 5ms
2025-04-17 14:53:09 [INFO]: GET /show-product - 304 - 4ms
2025-04-17 14:53:10 [INFO]: GET /show-product - 304 - 2ms
2025-04-17 14:53:12 [INFO]: GET /show-product - 304 - 2ms
2025-04-17 14:53:13 [INFO]: GET /show-product - 304 - 3ms
2025-04-17 14:53:17 [INFO]: GET /show-product - 304 - 13ms
2025-04-17 14:53:36 [INFO]: GET /show-product - 304 - 4ms
2025-04-17 14:53:38 [INFO]: GET /show-product - 304 - 3ms
2025-04-17 14:53:41 [INFO]: GET /show-product - 304 - 3ms
2025-04-17 14:53:43 [INFO]: GET /show-product - 304 - 3ms
2025-04-17 14:54:04 [INFO]: GET /show-product - 304 - 3ms
2025-04-17 14:54:37 [INFO]: GET /show-product - 304 - 3ms
2025-04-17 14:54:37 [INFO]: GET /show-product - 304 - 3ms
2025-04-17 14:54:52 [INFO]: GET /show-product - 304 - 3ms
2025-04-17 14:54:52 [INFO]: GET /show-product - 304 - 2ms
2025-04-17 14:55:17 [INFO]: GET /show-product - 304 - 3ms
2025-04-17 14:55:17 [INFO]: GET /show-product - 304 - 2ms
2025-04-17 14:55:19 [INFO]: GET /show-product - 304 - 2ms
2025-04-17 14:55:19 [INFO]: GET /show-product - 304 - 2ms
2025-04-17 14:55:20 [INFO]: GET /show-product - 304 - 3ms
2025-04-17 14:55:20 [INFO]: GET /show-product - 304 - 2ms
2025-04-17 14:55:43 [INFO]: GET /show-product - 304 - 3ms
2025-04-17 14:55:43 [INFO]: GET /show-product - 304 - 2ms
2025-04-17 14:55:45 [INFO]: GET /show-product - 304 - 3ms
2025-04-17 14:55:45 [INFO]: GET /show-product - 304 - 3ms
2025-04-17 14:55:48 [INFO]: GET /show-product - 304 - 3ms
2025-04-17 14:55:48 [INFO]: GET /show-product - 304 - 2ms
2025-04-17 14:55:49 [INFO]: GET /show-product - 304 - 3ms
2025-04-17 14:55:49 [INFO]: GET /show-product - 304 - 2ms
2025-04-17 14:55:51 [INFO]: GET /show-product - 304 - 3ms
2025-04-17 14:55:51 [INFO]: GET /show-product - 304 - 2ms
2025-04-17 14:55:52 [INFO]: GET /show-product - 304 - 3ms
2025-04-17 14:55:52 [INFO]: GET /show-product - 304 - 2ms
2025-04-17 14:55:56 [INFO]: GET /show-product - 304 - 3ms
2025-04-17 14:55:56 [INFO]: GET /show-product - 304 - 2ms
2025-04-17 14:55:59 [INFO]: GET /show-product - 304 - 3ms
2025-04-17 14:55:59 [INFO]: GET /show-product - 304 - 2ms
2025-04-17 14:56:11 [INFO]: GET /show-product - 304 - 4ms
2025-04-17 14:56:11 [INFO]: GET /show-product - 304 - 3ms
2025-04-17 14:56:13 [INFO]: GET /show-product - 304 - 3ms
2025-04-17 14:56:13 [INFO]: GET /show-product - 304 - 3ms
2025-04-17 14:56:19 [INFO]: GET /show-product - 304 - 3ms
2025-04-17 14:56:19 [INFO]: GET /show-product - 304 - 2ms
2025-04-17 14:56:29 [INFO]: GET /show-product - 304 - 2ms
2025-04-17 14:56:29 [INFO]: GET /show-product - 304 - 2ms
2025-04-17 14:56:35 [INFO]: GET /show-product - 304 - 2ms
2025-04-17 14:56:35 [INFO]: GET /show-product - 304 - 2ms
2025-04-17 14:56:36 [INFO]: GET /show-product - 304 - 3ms
2025-04-17 14:56:36 [INFO]: GET /show-product - 304 - 3ms
2025-04-17 14:57:06 [INFO]: GET /show-product - 304 - 3ms
2025-04-17 14:57:06 [INFO]: GET /show-product - 304 - 2ms
2025-04-17 14:57:23 [INFO]: GET /show-product - 304 - 4ms
2025-04-17 14:57:23 [INFO]: GET /show-product - 304 - 3ms
2025-04-17 14:57:23 [INFO]: GET /show-product - 304 - 8ms
2025-04-17 14:57:23 [INFO]: GET /show-product - 304 - 15ms
2025-04-17 14:57:23 [INFO]: GET /show-product - 304 - 5ms
2025-04-17 14:57:23 [INFO]: GET /show-product - 304 - 5ms
2025-04-17 14:57:23 [INFO]: GET /show-product - 304 - 4ms
2025-04-17 14:57:23 [INFO]: GET /show-product - 304 - 3ms
2025-04-17 14:57:26 [INFO]: GET /show-product - 304 - 7ms
2025-04-17 14:57:26 [INFO]: GET /show-product - 304 - 4ms
2025-04-17 14:57:42 [INFO]: GET /show-product - 304 - 3ms
2025-04-17 14:57:42 [INFO]: GET /show-product - 304 - 2ms
2025-04-17 14:57:46 [INFO]: GET /show-product - 304 - 4ms
2025-04-17 14:57:46 [INFO]: GET /show-product - 304 - 3ms
2025-04-17 15:00:27 [INFO]: GET /show-product - 304 - 79ms
2025-04-17 15:00:27 [INFO]: GET /show-product - 304 - 8ms
2025-04-17 15:03:50 [INFO]: GET /show-product - 304 - 4ms
2025-04-17 15:03:50 [INFO]: GET /show-product - 304 - 3ms
2025-04-17 15:04:25 [INFO]: GET /show-product - 304 - 4ms
2025-04-17 15:04:25 [INFO]: GET /show-product - 304 - 2ms
2025-04-17 15:04:36 [INFO]: GET /show-product - 304 - 2ms
2025-04-17 15:04:36 [INFO]: GET /show-product - 304 - 3ms
2025-04-17 15:04:49 [INFO]: GET /show-product - 304 - 5ms
2025-04-17 15:04:49 [INFO]: GET /show-product - 304 - 3ms
2025-04-17 15:05:21 [INFO]: GET /show-product - 304 - 2ms
2025-04-17 15:05:21 [INFO]: GET /show-product - 304 - 2ms
2025-04-17 15:08:22 [INFO]: GET /show-product - 304 - 3ms
2025-04-17 15:09:12 [INFO]: GET /show-product - 304 - 3ms
2025-04-17 15:09:12 [INFO]: GET /show-product - 304 - 2ms
2025-04-17 15:22:30 [INFO]: GET /show-product - 304 - 4ms
2025-04-17 15:22:30 [INFO]: GET /show-product - 304 - 4ms
2025-04-17 15:31:36 [INFO]: GET /show-product - 304 - 3ms
2025-04-17 15:31:36 [INFO]: GET /show-product - 304 - 3ms
2025-04-17 15:31:39 [INFO]: GET /show-product - 304 - 2ms
2025-04-17 15:31:39 [INFO]: GET /show-product - 304 - 3ms
2025-04-17 15:31:40 [INFO]: GET /show-product - 304 - 3ms
2025-04-17 15:31:40 [INFO]: GET /show-product - 304 - 2ms
2025-04-17 15:31:43 [INFO]: GET /show-product - 304 - 3ms
2025-04-17 15:31:43 [INFO]: GET /show-product - 304 - 3ms
2025-04-17 15:31:46 [INFO]: GET /show-product - 304 - 3ms
2025-04-17 15:31:46 [INFO]: GET /show-product - 304 - 2ms
2025-04-17 15:31:52 [INFO]: GET /show-product - 304 - 2ms
2025-04-17 15:31:52 [INFO]: GET /show-product - 304 - 3ms
2025-04-17 15:31:55 [INFO]: GET /show-product - 304 - 3ms
2025-04-17 15:31:55 [INFO]: GET /show-product - 304 - 2ms
2025-04-17 15:31:58 [INFO]: GET /show-product - 304 - 2ms
2025-04-17 15:31:58 [INFO]: GET /show-product - 304 - 3ms
2025-04-17 15:32:01 [INFO]: GET /show-product - 304 - 3ms
2025-04-17 15:32:01 [INFO]: GET /show-product - 304 - 3ms
2025-04-17 15:32:02 [INFO]: GET /show-product - 304 - 2ms
2025-04-17 15:32:02 [INFO]: GET /show-product - 304 - 3ms
2025-04-17 15:32:04 [INFO]: GET /show-product - 304 - 3ms
2025-04-17 15:32:04 [INFO]: GET /show-product - 304 - 3ms
2025-04-17 15:32:06 [INFO]: GET /show-product - 304 - 3ms
2025-04-17 15:32:06 [INFO]: GET /show-product - 304 - 3ms
2025-04-17 15:32:08 [INFO]: GET /show-product - 304 - 3ms
2025-04-17 15:32:08 [INFO]: GET /show-product - 304 - 3ms
2025-04-17 15:32:09 [INFO]: GET /show-product - 304 - 5ms
2025-04-17 15:32:09 [INFO]: GET /show-product - 304 - 2ms
2025-04-17 15:32:23 [INFO]: GET /show-product - 304 - 2ms
2025-04-17 15:32:23 [INFO]: GET /show-product - 304 - 3ms
2025-04-17 15:32:30 [INFO]: GET /show-product - 304 - 2ms
2025-04-17 15:32:30 [INFO]: GET /show-product - 304 - 4ms
2025-04-17 15:32:31 [INFO]: GET /show-product - 304 - 2ms
2025-04-17 15:32:31 [INFO]: GET /show-product - 304 - 3ms
2025-04-17 15:32:36 [INFO]: GET /show-product - 304 - 3ms
2025-04-17 15:32:36 [INFO]: GET /show-product - 304 - 4ms
2025-04-17 15:32:43 [INFO]: GET /show-product - 304 - 4ms
2025-04-17 15:32:43 [INFO]: GET /show-product - 304 - 4ms
2025-04-17 15:32:48 [INFO]: GET /show-product - 304 - 2ms
2025-04-17 15:32:48 [INFO]: GET /show-product - 304 - 3ms
2025-04-17 15:44:45 [INFO]: GET /show-product - 304 - 20ms
2025-04-17 15:44:45 [INFO]: GET /show-product - 304 - 5ms
2025-04-17 15:48:33 [INFO]: GET /show-product - 200 - 67ms
2025-04-17 15:48:33 [INFO]: GET /show-product - 200 - 71ms
2025-04-17 15:49:43 [INFO]: GET /show-product - 304 - 4ms
2025-04-17 15:49:43 [INFO]: GET /show-product - 304 - 5ms
2025-04-17 15:49:46 [INFO]: GET /show-product - 304 - 2ms
2025-04-17 15:49:46 [INFO]: GET /show-product - 304 - 5ms
2025-04-17 15:50:22 [INFO]: GET /show-product - 304 - 3ms
2025-04-17 15:50:22 [INFO]: GET /show-product - 304 - 3ms
2025-04-17 15:50:49 [INFO]: GET /show-product - 304 - 3ms
2025-04-17 15:50:49 [INFO]: GET /show-product - 304 - 4ms
2025-04-17 15:50:59 [INFO]: GET /show-product - 304 - 2ms
2025-04-17 15:50:59 [INFO]: GET /show-product - 304 - 6ms
2025-04-17 15:52:08 [INFO]: GET /show-product - 304 - 5ms
2025-04-17 15:52:08 [INFO]: GET /show-product - 304 - 4ms
2025-04-17 15:52:46 [INFO]: GET /show-product - 304 - 4ms
2025-04-17 15:52:46 [INFO]: GET /show-product - 304 - 2ms
2025-04-17 15:52:47 [INFO]: GET /show-product - 304 - 3ms
2025-04-17 15:52:47 [INFO]: GET /show-product - 304 - 3ms
2025-04-17 15:52:53 [INFO]: GET /show-product - 304 - 2ms
2025-04-17 15:52:53 [INFO]: GET /show-product - 304 - 5ms
2025-04-17 15:53:14 [INFO]: GET /show-product - 304 - 6ms
2025-04-17 15:53:14 [INFO]: GET /show-product - 304 - 8ms
2025-04-17 15:53:23 [INFO]: GET /show-product - 304 - 3ms
2025-04-17 15:53:23 [INFO]: GET /show-product - 304 - 2ms
2025-04-17 15:53:28 [INFO]: GET /show-product - 304 - 3ms
2025-04-17 15:53:28 [INFO]: GET /show-product - 304 - 3ms
2025-04-17 15:56:22 [INFO]: GET /show-product - 304 - 3ms
2025-04-17 15:56:22 [INFO]: GET /show-product - 304 - 3ms
2025-04-17 16:46:45 [INFO]: GET /show-product - 500 - 9ms
2025-04-17 16:46:45 [INFO]: GET /show-product - 500 - 1ms
2025-04-17 16:48:01 [INFO]: GET /show-product - 500 - 1ms
2025-04-17 16:48:01 [INFO]: GET /show-product - 500 - 2ms
2025-04-17 16:48:24 [INFO]: GET /show-product - 500 - 2ms
2025-04-17 16:48:26 [INFO]: GET /show-product - 500 - 1ms
2025-04-17 16:48:33 [INFO]: GET /show-product - 200 - 34ms
2025-04-17 16:48:36 [INFO]: GET /show-product - 304 - 8ms
2025-04-17 16:48:36 [INFO]: GET /show-product - 304 - 5ms
2025-04-17 16:49:40 [INFO]: GET /show-product - 304 - 4ms
2025-04-17 16:49:40 [INFO]: GET /show-product - 304 - 4ms
2025-04-17 16:57:31 [INFO]: GET /show-product - 304 - 4ms
2025-04-17 16:57:31 [INFO]: GET /show-product - 304 - 4ms
2025-04-17 16:57:36 [INFO]: GET /show-product - 304 - 3ms
2025-04-17 16:57:36 [INFO]: GET /show-product - 304 - 6ms
2025-04-17 17:02:37 [INFO]: GET /show-product - 304 - 7ms
2025-04-17 17:02:37 [INFO]: GET /show-product - 304 - 4ms
2025-04-17 17:04:11 [INFO]: GET /show-product - 304 - 6ms
2025-04-17 17:04:11 [INFO]: GET /show-product - 304 - 4ms
2025-04-17 17:04:16 [INFO]: GET /show-product - 304 - 5ms
2025-04-17 17:04:16 [INFO]: GET /show-product - 304 - 4ms
2025-04-17 17:04:20 [INFO]: GET /show-product - 304 - 3ms
2025-04-17 17:04:20 [INFO]: GET /show-product - 304 - 4ms
2025-04-17 17:04:26 [INFO]: GET /show-product - 304 - 5ms
2025-04-17 17:04:26 [INFO]: GET /show-product - 304 - 5ms
2025-04-17 17:04:40 [INFO]: GET /show-product - 304 - 4ms
2025-04-17 17:04:40 [INFO]: GET /show-product - 304 - 5ms
2025-04-17 17:05:44 [INFO]: GET /show-product - 304 - 4ms
2025-04-17 17:05:44 [INFO]: GET /show-product - 304 - 13ms
2025-04-17 17:33:39 [INFO]: DELETE /product-delete/19 - 404 - 7ms
2025-04-17 17:34:44 [INFO]: DELETE /product-delete/19 - 404 - 9ms
2025-04-17 17:35:12 [INFO]: DELETE /product-delete/19 - 404 - 9ms
2025-04-17 17:35:14 [INFO]: DELETE /product-delete/19 - 404 - 2ms
2025-04-17 17:35:33 [INFO]: DELETE /product-delete/19 - 404 - 46ms
2025-04-17 17:35:39 [INFO]: DELETE /product-delete/18 - 200 - 18ms
2025-04-17 17:35:44 [INFO]: GET /show-product - 200 - 19ms
2025-04-17 17:35:44 [INFO]: GET /show-product - 304 - 7ms
2025-04-17 17:37:30 [INFO]: GET /show-product - 304 - 13ms
2025-04-17 17:37:35 [INFO]: GET /show-product - 304 - 3ms
2025-04-17 17:37:38 [INFO]: GET /show-product - 304 - 3ms
2025-04-17 17:37:44 [INFO]: GET /show-product - 304 - 3ms
2025-04-17 17:38:35 [INFO]: GET /show-product - 304 - 4ms
2025-04-17 18:01:35 [INFO]: GET /show-product - 304 - 5ms
2025-04-17 18:01:35 [INFO]: GET /show-product - 304 - 3ms
2025-04-17 18:01:47 [INFO]: GET /show-product - 304 - 4ms
2025-04-17 18:01:47 [INFO]: GET /show-product - 304 - 4ms
2025-04-17 18:02:42 [INFO]: GET /show-product - 304 - 3ms
2025-04-17 18:02:42 [INFO]: GET /show-product - 304 - 4ms
2025-04-17 18:02:48 [INFO]: GET /show-product - 304 - 4ms
2025-04-17 18:02:48 [INFO]: GET /show-product - 304 - 3ms
2025-04-17 18:02:52 [INFO]: GET /show-product - 304 - 11ms
2025-04-17 18:02:52 [INFO]: GET /show-product - 304 - 15ms
2025-04-17 18:02:58 [INFO]: DELETE /product-delete/17 - 200 - 34ms
2025-04-17 18:15:28 [INFO]: GET /show-product - 200 - 23ms
2025-04-17 18:15:28 [INFO]: GET /show-product - 304 - 10ms
2025-04-17 18:22:24 [INFO]: GET /show-product - 304 - 5ms
2025-04-17 18:22:24 [INFO]: GET /show-product - 304 - 6ms
2025-04-17 18:22:49 [INFO]: POST /product-create - 404 - 10ms
